PrismaClientKnownRequestError: 
Invalid `prisma.user.update()` invocation in
C:\Users\nares\OneDrive\Desktop\Family\backend\server.js:1005:24

  1002 });
  1003 
  1004 // Update the User model fields as well so the frontend knows it's complete
→ 1005 await prisma.user.update(
Unique constraint failed on the fields: (`phone`)
PrismaClientKnownRequestError: 
Invalid `prisma.user.update()` invocation in
C:\Users\nares\OneDrive\Desktop\Family\backend\server.js:1005:24

  1002 });
  1003 
  1004 // Update the User model fields as well so the frontend knows it's complete
→ 1005 await prisma.user.update(
Unique constraint failed on the fields: (`phone`)
    at $n.handleRequestError (C:\Users\nares\OneDrive\Desktop\Family\backend\node_modules\@prisma\client\runtime\library.js:121:7315)
    at $n.handleAndLogRequestError (C:\Users\nares\OneDrive\Desktop\Family\backend\node_modules\@prisma\client\runtime\library.js:121:6623)
    at $n.request (C:\Users\nares\OneDrive\Desktop\Family\backend\node_modules\@prisma\client\runtime\library.js:121:6307)
    at async l (C:\Users\nares\OneDrive\Desktop\Family\backend\node_modules\@prisma\client\runtime\library.js:130:9633)
    at async C:\Users\nares\OneDrive\Desktop\Family\backend\server.js:1005:6